<?xml version="1.0" encoding="UTF-8"?>
<testng-results skipped="0" failed="0" ignored="0" total="1" passed="1">
  <reporter-output>
  </reporter-output>
  <suite name="Default suite" duration-ms="4670" started-at="2022-06-29T03:57:19Z" finished-at="2022-06-29T03:57:24Z">
    <groups>
    </groups>
    <test name="Default test" duration-ms="4670" started-at="2022-06-29T03:57:19Z" finished-at="2022-06-29T03:57:24Z">
      <class name="randomNumbers.GenerateRandom500Numbers">
        <test-method status="PASS" signature="generateRandomNumber()[pri:0, instance:randomNumbers.GenerateRandom500Numbers@7f77e91b]" name="generateRandomNumber" duration-ms="4653" started-at="2022-06-29T03:57:19Z" finished-at="2022-06-29T03:57:24Z">
          <reporter-output>
          </reporter-output>
        </test-method> <!-- generateRandomNumber -->
      </class> <!-- randomNumbers.GenerateRandom500Numbers -->
    </test> <!-- Default test -->
  </suite> <!-- Default suite -->
</testng-results>
